time="2025-08-27T07:14:01+05:30" level=warning msg="C:\\Users\\91878\\Downloads\\NOS\\nostalgios\\docker-compose.yml: the attribute `version` is obsolete, it will be ignored, please remove it to avoid potential confusion"
#1 [internal] load local bake definitions
#1 reading from stdin 447B done
#1 DONE 0.0s

#2 [internal] load build definition from Dockerfile
#2 transferring dockerfile: 527B 0.0s done
#2 DONE 0.0s

#3 [auth] library/maven:pull token for registry-1.docker.io
#3 DONE 0.0s

#4 [auth] library/eclipse-temurin:pull token for registry-1.docker.io
#4 DONE 0.0s

#5 [internal] load metadata for docker.io/library/maven:3.9-eclipse-temurin-21
#5 DONE 1.8s

#6 [internal] load metadata for docker.io/library/eclipse-temurin:21-jre
#6 DONE 1.8s

#7 [internal] load .dockerignore
#7 transferring context: 2B done
#7 DONE 0.0s

#8 [build 1/7] FROM docker.io/library/maven:3.9-eclipse-temurin-21@sha256:fe1de86d91ca06519b58fc85ff737e159c18c0d0a8c7f4c66601b74dba136c5c
#8 resolve docker.io/library/maven:3.9-eclipse-temurin-21@sha256:fe1de86d91ca06519b58fc85ff737e159c18c0d0a8c7f4c66601b74dba136c5c 0.0s done
#8 DONE 0.0s

#9 [build 2/7] WORKDIR /app
#9 CACHED

#10 [stage-1 1/3] FROM docker.io/library/eclipse-temurin:21-jre@sha256:ea350fe1d8bc9b18dea4ad46bb9a0f4d6fbd0dbb3548092e3ff8f1a3fef09efe
#10 resolve docker.io/library/eclipse-temurin:21-jre@sha256:ea350fe1d8bc9b18dea4ad46bb9a0f4d6fbd0dbb3548092e3ff8f1a3fef09efe 0.0s done
#10 DONE 0.0s

#11 [stage-1 2/3] WORKDIR /app
#11 CACHED

#12 [internal] load build context
#12 transferring context: 4.75kB done
#12 DONE 0.0s

#13 [build 3/7] COPY pom.xml .
#13 DONE 0.0s

#14 [build 4/7] RUN cat pom.xml
#14 0.226 <project xmlns="http://maven.apache.org/POM/4.0.0" xmlns:xsi="http://www.w3.org/2001/XMLSchema-instance"
#14 0.226     xsi:schemaLocation="http://maven.apache.org/POM/4.0.0 https://maven.apache.org/xsd/maven-4.0.0.xsd">
#14 0.226     <modelVersion>4.0.0</modelVersion>
#14 0.226     <groupId>com.nostalgi</groupId>
#14 0.226     <artifactId>snap</artifactId>
#14 0.226     <version>0.0.2-SNAPSHOT</version>
#14 0.226 
#14 0.226     <properties>
#14 0.226         <java.version>21</java.version>
#14 0.226         <spring-boot.version>3.2.6</spring-boot.version>
#14 0.226         <jjwt.version>0.11.5</jjwt.version>
#14 0.226     </properties>
#14 0.226 
#14 0.226     <dependencyManagement>
#14 0.226         <dependencies>
#14 0.226             <dependency>
#14 0.226                 <groupId>org.springframework.boot</groupId>
#14 0.226                 <artifactId>spring-boot-dependencies</artifactId>
#14 0.226                 <version>${spring-boot.version}</version>
#14 0.226                 <type>pom</type>
#14 0.226                 <scope>import</scope>
#14 0.226             </dependency>
#14 0.226             <dependency>
#14 0.226                 <groupId>software.amazon.awssdk</groupId>
#14 0.226                 <artifactId>bom</artifactId>
#14 0.226                 <version>2.25.40</version>
#14 0.226                 <type>pom</type>
#14 0.226                 <scope>import</scope>
#14 0.226             </dependency>
#14 0.226         </dependencies>
#14 0.226     </dependencyManagement>
#14 0.226 
#14 0.226     <dependencies>
#14 0.226         <dependency>
#14 0.226             <groupId>org.springframework.boot</groupId>
#14 0.226             <artifactId>spring-boot-starter-web</artifactId>
#14 0.226         </dependency>
#14 0.226         <dependency>
#14 0.226             <groupId>org.springframework.boot</groupId>
#14 0.226             <artifactId>spring-boot-starter-data-jpa</artifactId>
#14 0.226         </dependency>
#14 0.226         <dependency>
#14 0.226             <groupId>org.springframework.boot</groupId>
#14 0.226             <artifactId>spring-boot-starter-security</artifactId>
#14 0.226         </dependency>
#14 0.226         <dependency>
#14 0.226             <groupId>com.h2database</groupId>
#14 0.226             <artifactId>h2</artifactId>
#14 0.226             <scope>runtime</scope>
#14 0.226         </dependency>
#14 0.226         <dependency>
#14 0.226             <groupId>io.jsonwebtoken</groupId>
#14 0.226             <artifactId>jjwt-api</artifactId>
#14 0.226             <version>${jjwt.version}</version>
#14 0.226         </dependency>
#14 0.226         <dependency>
#14 0.226             <groupId>io.jsonwebtoken</groupId>
#14 0.226             <artifactId>jjwt-impl</artifactId>
#14 0.226             <version>${jjwt.version}</version>
#14 0.226             <scope>runtime</scope>
#14 0.226         </dependency>
#14 0.226         <dependency>
#14 0.226             <groupId>io.jsonwebtoken</groupId>
#14 0.226             <artifactId>jjwt-jackson</artifactId>
#14 0.226             <version>${jjwt.version}</version>
#14 0.226             <scope>runtime</scope>
#14 0.226         </dependency>
#14 0.226         
#14 0.226         <dependency>
#14 0.226             <groupId>software.amazon.awssdk</groupId>
#14 0.226             <artifactId>s3</artifactId>
#14 0.226         </dependency>
#14 0.226 
#14 0.226         <dependency>
#14 0.226             <groupId>software.amazon.awssdk</groupId>
#14 0.226             <artifactId>url-connection-client</artifactId>
#14 0.226         </dependency>
#14 0.226 
#14 0.226     </dependencies>
#14 0.226 
#14 0.226     <build>
#14 0.226         <plugins>
#14 0.226             <plugin>
#14 0.226                 <groupId>org.springframework.boot</groupId>
#14 0.226                 <artifactId>spring-boot-maven-plugin</artifactId>
#14 0.226                 <version>${spring-boot.version}</version>
#14 0.226             </plugin>
#14 0.226             <plugin>
#14 0.226                 <groupId>org.apache.maven.plugins</groupId>
#14 0.226                 <artifactId>maven-compiler-plugin</artifactId>
#14 0.226                 <version>3.13.0</version>
#14 0.226                 <configuration>
#14 0.226                     <source>${java.version}</source>
#14 0.226                     <target>${java.version}</target>
#14 0.226                 </configuration>
#14 0.226             </plugin>
#14 0.226         </plugins>
#14 0.226     </build>
#14 0.226 </project>
#14 DONE 0.2s

#15 [build 5/7] RUN mvn -q -e -DskipTests dependency:go-offline
#15 DONE 47.8s

#16 [build 6/7] COPY src ./src
#16 DONE 0.1s

#17 [build 7/7] RUN mvn -q -DskipTests package
#17 7.182 [ERROR] COMPILATION ERROR : 
#17 7.182 [ERROR] /app/src/main/java/com/nostalgi/snap/SnapshotService.java:[27,15] cannot find symbol
#17 7.182   symbol:   class Builder
#17 7.182   location: interface software.amazon.awssdk.services.s3.S3Client
#17 7.184 [ERROR] Failed to execute goal org.apache.maven.plugins:maven-compiler-plugin:3.13.0:compile (default-compile) on project snap: Compilation failure
#17 7.184 [ERROR] /app/src/main/java/com/nostalgi/snap/SnapshotService.java:[27,15] cannot find symbol
#17 7.184 [ERROR]   symbol:   class Builder
#17 7.184 [ERROR]   location: interface software.amazon.awssdk.services.s3.S3Client
#17 7.184 [ERROR] 
#17 7.184 [ERROR] -> [Help 1]
#17 7.184 [ERROR] 
#17 7.186 [ERROR] To see the full stack trace of the errors, re-run Maven with the -e switch.
#17 7.186 [ERROR] Re-run Maven using the -X switch to enable full debug logging.
#17 7.186 [ERROR] 
#17 7.186 [ERROR] For more information about the errors and possible solutions, please read the following articles:
#17 7.186 [ERROR] [Help 1] http://cwiki.apache.org/confluence/display/MAVEN/MojoFailureException
#17 ERROR: process "/bin/sh -c mvn -q -DskipTests package" did not complete successfully: exit code: 1
------
 > [build 7/7] RUN mvn -q -DskipTests package:
7.184 [ERROR]   symbol:   class Builder
7.184 [ERROR]   location: interface software.amazon.awssdk.services.s3.S3Client
7.184 [ERROR] 
7.184 [ERROR] -> [Help 1]
7.184 [ERROR] 
7.186 [ERROR] To see the full stack trace of the errors, re-run Maven with the -e switch.
7.186 [ERROR] Re-run Maven using the -X switch to enable full debug logging.
7.186 [ERROR] 
7.186 [ERROR] For more information about the errors and possible solutions, please read the following articles:
7.186 [ERROR] [Help 1] http://cwiki.apache.org/confluence/display/MAVEN/MojoFailureException
------
Dockerfile:10

--------------------

   8 |     RUN mvn -q -e -DskipTests dependency:go-offline

   9 |     COPY src ./src

  10 | >>> RUN mvn -q -DskipTests package

  11 |     

  12 |     FROM eclipse-temurin:21-jre

--------------------

failed to solve: process "/bin/sh -c mvn -q -DskipTests package" did not complete successfully: exit code: 1

